0 silly argv {
0 silly argv   _: [ 'add' ],
0 silly argv   globs: [ 'packages/core/' ],
0 silly argv   lernaVersion: '4.0.0',
0 silly argv   '$0': '/Users/answer/code/my-cli/popcorn-cli/node_modules/.bin/lerna',
0 silly argv   pkg: '@popcorn-cli/utils'
0 silly argv }
1 notice cli v4.0.0
2 verbose rootPath /Users/answer/code/my-cli/popcorn-cli
3 error JSONError: Unexpected token "}" (0x7D) in JSON at position 789 while parsing near "...6b3eb0132cf803d3d\",\n}\n" in packages/core/package.json
3 error
3 error [0m [90m 31 |[39m   }[33m,[39m[0m
3 error [0m [90m 32 |[39m   [32m"gitHead"[39m[33m:[39m [32m"4b5d95467a5046c866773326b3eb0132cf803d3d"[39m[33m,[39m[0m
3 error [0m[31m[1m>[22m[39m[90m 33 |[39m }[0m
3 error [0m [90m    |[39m [31m[1m^[22m[39m[0m
3 error [0m [90m 34 |[39m[0m
3 error
3 error     at parseJson (/Users/answer/code/my-cli/popcorn-cli/node_modules/parse-json/index.js:29:21)
3 error     at parse (/Users/answer/code/my-cli/popcorn-cli/node_modules/load-json-file/index.js:15:9)
3 error     at module.exports (/Users/answer/code/my-cli/popcorn-cli/node_modules/load-json-file/index.js:18:47)
